0 info it worked if it ends with ok
1 verbose cli [ '/Users/zoran/.nvm/versions/node/v4.2.2/bin/node',
1 verbose cli   '/Users/zoran/.nvm/versions/node/v4.2.2/bin/npm',
1 verbose cli   'run',
1 verbose cli   'tsc:w' ]
2 info using npm@3.10.6
3 info using node@v4.2.2
4 verbose run-script [ 'pretsc:w', 'tsc:w', 'posttsc:w' ]
5 info lifecycle product-management@1.0.0~pretsc:w: product-management@1.0.0
6 silly lifecycle product-management@1.0.0~pretsc:w: no script for pretsc:w, continuing
7 info lifecycle product-management@1.0.0~tsc:w: product-management@1.0.0
8 verbose lifecycle product-management@1.0.0~tsc:w: unsafe-perm in lifecycle true
9 verbose lifecycle product-management@1.0.0~tsc:w: PATH: /Users/zoran/.nvm/versions/node/v4.2.2/lib/node_modules/npm/bin/node-gyp-bin:/Users/zoran/zoran-git/Angular2-GettingStarted/APM-Start-Updated/node_modules/.bin:/Users/zoran/.nvm/versions/node/v4.2.2/lib/node_modules/npm/bin/node-gyp-bin:/Users/zoran/zoran-git/Angular2-GettingStarted/APM-Start-Updated/node_modules/.bin:/Users/zoran/.nvm/versions/node/v4.2.2/bin:/opt/apache-maven-3.3.9/bin:/usr/local/bin:/usr/bin:/bin:/usr/sbin:/sbin:/Users/zoran/dev/apache-maven-3.3.9/bin
10 verbose lifecycle product-management@1.0.0~tsc:w: CWD: /Users/zoran/zoran-git/Angular2-GettingStarted/APM-Start-Updated
11 silly lifecycle product-management@1.0.0~tsc:w: Args: [ '-c', 'tsc -w' ]
12 silly lifecycle product-management@1.0.0~tsc:w: Returned: code: 1  signal: null
13 info lifecycle product-management@1.0.0~tsc:w: Failed to exec tsc:w script
14 verbose stack Error: product-management@1.0.0 tsc:w: `tsc -w`
14 verbose stack Exit status 1
14 verbose stack     at EventEmitter.<anonymous> (/Users/zoran/.nvm/versions/node/v4.2.2/lib/node_modules/npm/lib/utils/lifecycle.js:255:16)
14 verbose stack     at emitTwo (events.js:87:13)
14 verbose stack     at EventEmitter.emit (events.js:172:7)
14 verbose stack     at ChildProcess.<anonymous> (/Users/zoran/.nvm/versions/node/v4.2.2/lib/node_modules/npm/lib/utils/spawn.js:40:14)
14 verbose stack     at emitTwo (events.js:87:13)
14 verbose stack     at ChildProcess.emit (events.js:172:7)
14 verbose stack     at maybeClose (internal/child_process.js:818:16)
14 verbose stack     at Process.ChildProcess._handle.onexit (internal/child_process.js:211:5)
15 verbose pkgid product-management@1.0.0
16 verbose cwd /Users/zoran/zoran-git/Angular2-GettingStarted/APM-Start-Updated
17 error Darwin 15.6.0
18 error argv "/Users/zoran/.nvm/versions/node/v4.2.2/bin/node" "/Users/zoran/.nvm/versions/node/v4.2.2/bin/npm" "run" "tsc:w"
19 error node v4.2.2
20 error npm  v3.10.6
21 error code ELIFECYCLE
22 error product-management@1.0.0 tsc:w: `tsc -w`
22 error Exit status 1
23 error Failed at the product-management@1.0.0 tsc:w script 'tsc -w'.
23 error Make sure you have the latest version of node.js and npm installed.
23 error If you do, this is most likely a problem with the product-management package,
23 error not with npm itself.
23 error Tell the author that this fails on your system:
23 error     tsc -w
23 error You can get information on how to open an issue for this project with:
23 error     npm bugs product-management
23 error Or if that isn't available, you can get their info via:
23 error     npm owner ls product-management
23 error There is likely additional logging output above.
24 verbose exit [ 1, true ]
